<?xml version="1.0" encoding="UTF-8"?>
<!-- Generated by org.testng.reporters.JUnitReportReporter -->
<testsuite hostname="BWS-TINA-LAP" failures="0" tests="1" name="scripts.TC001" time="9.713" errors="0" timestamp="2024-05-02T14:53:01 BST" skipped="0">
  <testcase classname="scripts.TC001" name="testProductLoginAndLogOut" time="9.713"/>
  <system-out/>
</testsuite> <!-- scripts.TC001 -->
