<?xml version="1.0" encoding="UTF-8"?>
<!-- Generated by org.testng.reporters.JUnitReportReporter -->
<testsuite hostname="BWS-TINA-LAP" failures="0" tests="1" name="scripts.TC006" time="11.446" errors="0" timestamp="2023-03-20T14:43:49 GMT" skipped="0">
  <testcase classname="scripts.TC006" name="deletecontact" time="11.446"/>
  <system-out/>
</testsuite> <!-- scripts.TC006 -->
