<?xml version="1.0" encoding="UTF-8"?>
<!-- Generated by org.testng.reporters.JUnitReportReporter -->
<testsuite hostname="BWS-TINA-LAP" failures="0" tests="1" name="scripts.TC003" time="15.755" errors="0" timestamp="2023-06-06T10:15:17 BST" skipped="0">
  <testcase classname="scripts.TC003" name="dEleteBooking" time="15.755"/>
  <system-out>
    <![CDATA[Click on search to enter page
Enter booking title name in the search box
Click on search btn to search for booking
Double click to select booking
Click delete btn to delete booking
Click Yes to confirm booking delete
Once booking is deleted logout and close browser]]>
  </system-out>
</testsuite> <!-- scripts.TC003 -->
