<?xml version="1.0" encoding="UTF-8"?>
<!-- Generated by org.testng.reporters.JUnitReportReporter -->
<testsuite hostname="BWS-TINA-LAP" failures="0" tests="1" name="scripts.TC004" time="14.349" errors="0" timestamp="2023-03-15T15:15:46 GMT" skipped="0">
  <testcase classname="scripts.TC004" name="addstaffavailability" time="14.349"/>
  <system-out>
    <![CDATA[Hover mouse to admin tab
Click on manage staff availability
Click New button to enter staff details
Click Save and Ok button to save staff detail]]>
  </system-out>
</testsuite> <!-- scripts.TC004 -->
