<?xml version="1.0" encoding="UTF-8"?>
<!-- Generated by org.testng.reporters.JUnitReportReporter -->
<testsuite hostname="BWS-TINA-LAP" failures="0" tests="1" name="scripts.TC005" time="10.531" errors="0" timestamp="2023-03-20T14:40:03 GMT" skipped="0">
  <testcase classname="scripts.TC005" name="addContact" time="10.531"/>
  <system-out/>
</testsuite> <!-- scripts.TC005 -->
